<?xml version="1.0" encoding="UTF-8"?>
<beans xmlns="http://www.springframework.org/schema/beans"
       xmlns:xsi="http://www.w3.org/2001/XMLSchema-instance"
       xsi:schemaLocation="http://www.springframework.org/schema/beans http://www.springframework.org/schema/beans/spring-beans.xsd">

    <bean id="taekwonV" class="com.example.toby2.pojo.Robot">
        <property name="name" value="taekwonV" />
        <property name="weapon" ref="missile" />
    </bean>

    <bean id="missile" class="com.example.toby2.pojo.Missile" />

</beans>